INFO - 2023-05-09 00:42:35 --> Session: Class initialized using 'CodeIgniter\Session\Handlers\FileHandler' driver.
INFO - 2023-05-09 00:42:54 --> Session: Class initialized using 'CodeIgniter\Session\Handlers\FileHandler' driver.
INFO - 2023-05-09 00:45:49 --> Session: Class initialized using 'CodeIgniter\Session\Handlers\FileHandler' driver.
INFO - 2023-05-09 00:46:06 --> Session: Class initialized using 'CodeIgniter\Session\Handlers\FileHandler' driver.
INFO - 2023-05-09 00:46:44 --> Session: Class initialized using 'CodeIgniter\Session\Handlers\FileHandler' driver.
INFO - 2023-05-09 00:47:03 --> Session: Class initialized using 'CodeIgniter\Session\Handlers\FileHandler' driver.
INFO - 2023-05-09 00:47:27 --> Session: Class initialized using 'CodeIgniter\Session\Handlers\FileHandler' driver.
INFO - 2023-05-09 00:47:46 --> Session: Class initialized using 'CodeIgniter\Session\Handlers\FileHandler' driver.
INFO - 2023-05-09 00:47:53 --> Session: Class initialized using 'CodeIgniter\Session\Handlers\FileHandler' driver.
INFO - 2023-05-09 00:48:05 --> Session: Class initialized using 'CodeIgniter\Session\Handlers\FileHandler' driver.
INFO - 2023-05-09 00:48:29 --> Session: Class initialized using 'CodeIgniter\Session\Handlers\FileHandler' driver.
INFO - 2023-05-09 00:49:32 --> Session: Class initialized using 'CodeIgniter\Session\Handlers\FileHandler' driver.
INFO - 2023-05-09 00:49:52 --> Session: Class initialized using 'CodeIgniter\Session\Handlers\FileHandler' driver.
INFO - 2023-05-09 00:50:00 --> Session: Class initialized using 'CodeIgniter\Session\Handlers\FileHandler' driver.
INFO - 2023-05-09 00:50:09 --> Session: Class initialized using 'CodeIgniter\Session\Handlers\FileHandler' driver.
INFO - 2023-05-09 00:57:29 --> Session: Class initialized using 'CodeIgniter\Session\Handlers\FileHandler' driver.
ERROR - 2023-05-09 00:57:29 --> mysqli_sql_exception: Unknown column 't.id' in 'where clause' in C:\xampp\htdocs\gestor_tarea\system\Database\MySQLi\Connection.php:295
Stack trace:
#0 C:\xampp\htdocs\gestor_tarea\system\Database\MySQLi\Connection.php(295): mysqli->query('SELECT `s`.*\nFR...', 0)
#1 C:\xampp\htdocs\gestor_tarea\system\Database\BaseConnection.php(691): CodeIgniter\Database\MySQLi\Connection->execute('SELECT `s`.*\nFR...')
#2 C:\xampp\htdocs\gestor_tarea\system\Database\BaseConnection.php(605): CodeIgniter\Database\BaseConnection->simpleQuery('SELECT `s`.*\nFR...')
#3 C:\xampp\htdocs\gestor_tarea\system\Database\BaseBuilder.php(1616): CodeIgniter\Database\BaseConnection->query('SELECT `s`.*\nFR...', Array, false)
#4 C:\xampp\htdocs\gestor_tarea\app\Controllers\Home.php(33): CodeIgniter\Database\BaseBuilder->get()
#5 C:\xampp\htdocs\gestor_tarea\system\CodeIgniter.php(934): App\Controllers\Home->index()
#6 C:\xampp\htdocs\gestor_tarea\system\CodeIgniter.php(499): CodeIgniter\CodeIgniter->runController(Object(App\Controllers\Home))
#7 C:\xampp\htdocs\gestor_tarea\system\CodeIgniter.php(368): CodeIgniter\CodeIgniter->handleRequest(NULL, Object(Config\Cache), false)
#8 C:\xampp\htdocs\gestor_tarea\public\index.php(67): CodeIgniter\CodeIgniter->run()
#9 {main}
CRITICAL - 2023-05-09 00:57:29 --> Unknown column 't.id' in 'where clause'
in SYSTEMPATH\Database\MySQLi\Connection.php on line 295.
 1 SYSTEMPATH\Database\MySQLi\Connection.php(295): mysqli->query('SELECT `s`.*
FROM `subtarea` `s`
WHERE `t`.`id` = `s`.`idTarea` AND `t`.`idCreador` = 11', 0)
 2 SYSTEMPATH\Database\BaseConnection.php(691): CodeIgniter\Database\MySQLi\Connection->execute('SELECT `s`.*
FROM `subtarea` `s`
WHERE `t`.`id` = `s`.`idTarea` AND `t`.`idCreador` = 11')
 3 SYSTEMPATH\Database\BaseConnection.php(605): CodeIgniter\Database\BaseConnection->simpleQuery('SELECT `s`.*
FROM `subtarea` `s`
WHERE `t`.`id` = `s`.`idTarea` AND `t`.`idCreador` = 11')
 4 SYSTEMPATH\Database\BaseBuilder.php(1616): CodeIgniter\Database\BaseConnection->query('SELECT `s`.*
FROM `subtarea` `s`
WHERE `t`.`id` = `s`.`idTarea` AND `t`.`idCreador` = 11', [], false)
 5 APPPATH\Controllers\Home.php(33): CodeIgniter\Database\BaseBuilder->get()
 6 SYSTEMPATH\CodeIgniter.php(934): App\Controllers\Home->index()
 7 SYSTEMPATH\CodeIgniter.php(499): CodeIgniter\CodeIgniter->runController(Object(App\Controllers\Home))
 8 SYSTEMPATH\CodeIgniter.php(368): CodeIgniter\CodeIgniter->handleRequest(null, Object(Config\Cache), false)
 9 FCPATH\index.php(67): CodeIgniter\CodeIgniter->run()
INFO - 2023-05-09 00:57:59 --> Session: Class initialized using 'CodeIgniter\Session\Handlers\FileHandler' driver.
ERROR - 2023-05-09 00:57:59 --> mysqli_sql_exception: Unknown column 'tarea.id' in 'where clause' in C:\xampp\htdocs\gestor_tarea\system\Database\MySQLi\Connection.php:295
Stack trace:
#0 C:\xampp\htdocs\gestor_tarea\system\Database\MySQLi\Connection.php(295): mysqli->query('SELECT `s`.*\nFR...', 0)
#1 C:\xampp\htdocs\gestor_tarea\system\Database\BaseConnection.php(691): CodeIgniter\Database\MySQLi\Connection->execute('SELECT `s`.*\nFR...')
#2 C:\xampp\htdocs\gestor_tarea\system\Database\BaseConnection.php(605): CodeIgniter\Database\BaseConnection->simpleQuery('SELECT `s`.*\nFR...')
#3 C:\xampp\htdocs\gestor_tarea\system\Database\BaseBuilder.php(1616): CodeIgniter\Database\BaseConnection->query('SELECT `s`.*\nFR...', Array, false)
#4 C:\xampp\htdocs\gestor_tarea\app\Controllers\Home.php(33): CodeIgniter\Database\BaseBuilder->get()
#5 C:\xampp\htdocs\gestor_tarea\system\CodeIgniter.php(934): App\Controllers\Home->index()
#6 C:\xampp\htdocs\gestor_tarea\system\CodeIgniter.php(499): CodeIgniter\CodeIgniter->runController(Object(App\Controllers\Home))
#7 C:\xampp\htdocs\gestor_tarea\system\CodeIgniter.php(368): CodeIgniter\CodeIgniter->handleRequest(NULL, Object(Config\Cache), false)
#8 C:\xampp\htdocs\gestor_tarea\public\index.php(67): CodeIgniter\CodeIgniter->run()
#9 {main}
CRITICAL - 2023-05-09 00:57:59 --> Unknown column 'tarea.id' in 'where clause'
in SYSTEMPATH\Database\MySQLi\Connection.php on line 295.
 1 SYSTEMPATH\Database\MySQLi\Connection.php(295): mysqli->query('SELECT `s`.*
FROM `subtarea` `s`
WHERE `tarea`.`id` = `s`.`idTarea` AND `tarea`.`idCreador` = 11', 0)
 2 SYSTEMPATH\Database\BaseConnection.php(691): CodeIgniter\Database\MySQLi\Connection->execute('SELECT `s`.*
FROM `subtarea` `s`
WHERE `tarea`.`id` = `s`.`idTarea` AND `tarea`.`idCreador` = 11')
 3 SYSTEMPATH\Database\BaseConnection.php(605): CodeIgniter\Database\BaseConnection->simpleQuery('SELECT `s`.*
FROM `subtarea` `s`
WHERE `tarea`.`id` = `s`.`idTarea` AND `tarea`.`idCreador` = 11')
 4 SYSTEMPATH\Database\BaseBuilder.php(1616): CodeIgniter\Database\BaseConnection->query('SELECT `s`.*
FROM `subtarea` `s`
WHERE `tarea`.`id` = `s`.`idTarea` AND `tarea`.`idCreador` = 11', [], false)
 5 APPPATH\Controllers\Home.php(33): CodeIgniter\Database\BaseBuilder->get()
 6 SYSTEMPATH\CodeIgniter.php(934): App\Controllers\Home->index()
 7 SYSTEMPATH\CodeIgniter.php(499): CodeIgniter\CodeIgniter->runController(Object(App\Controllers\Home))
 8 SYSTEMPATH\CodeIgniter.php(368): CodeIgniter\CodeIgniter->handleRequest(null, Object(Config\Cache), false)
 9 FCPATH\index.php(67): CodeIgniter\CodeIgniter->run()
INFO - 2023-05-09 00:58:38 --> Session: Class initialized using 'CodeIgniter\Session\Handlers\FileHandler' driver.
ERROR - 2023-05-09 00:58:38 --> mysqli_sql_exception: Unknown column 'tarea.id' in 'where clause' in C:\xampp\htdocs\gestor_tarea\system\Database\MySQLi\Connection.php:295
Stack trace:
#0 C:\xampp\htdocs\gestor_tarea\system\Database\MySQLi\Connection.php(295): mysqli->query('SELECT `t`.*\nFR...', 0)
#1 C:\xampp\htdocs\gestor_tarea\system\Database\BaseConnection.php(691): CodeIgniter\Database\MySQLi\Connection->execute('SELECT `t`.*\nFR...')
#2 C:\xampp\htdocs\gestor_tarea\system\Database\BaseConnection.php(605): CodeIgniter\Database\BaseConnection->simpleQuery('SELECT `t`.*\nFR...')
#3 C:\xampp\htdocs\gestor_tarea\system\Database\BaseBuilder.php(1616): CodeIgniter\Database\BaseConnection->query('SELECT `t`.*\nFR...', Array, false)
#4 C:\xampp\htdocs\gestor_tarea\app\Controllers\Home.php(33): CodeIgniter\Database\BaseBuilder->get()
#5 C:\xampp\htdocs\gestor_tarea\system\CodeIgniter.php(934): App\Controllers\Home->index()
#6 C:\xampp\htdocs\gestor_tarea\system\CodeIgniter.php(499): CodeIgniter\CodeIgniter->runController(Object(App\Controllers\Home))
#7 C:\xampp\htdocs\gestor_tarea\system\CodeIgniter.php(368): CodeIgniter\CodeIgniter->handleRequest(NULL, Object(Config\Cache), false)
#8 C:\xampp\htdocs\gestor_tarea\public\index.php(67): CodeIgniter\CodeIgniter->run()
#9 {main}
CRITICAL - 2023-05-09 00:58:38 --> Unknown column 'tarea.id' in 'where clause'
in SYSTEMPATH\Database\MySQLi\Connection.php on line 295.
 1 SYSTEMPATH\Database\MySQLi\Connection.php(295): mysqli->query('SELECT `t`.*
FROM `tarea` `t`
WHERE `tarea`.`id` = `s`.`idTarea` AND `tarea`.`idCreador` = 11', 0)
 2 SYSTEMPATH\Database\BaseConnection.php(691): CodeIgniter\Database\MySQLi\Connection->execute('SELECT `t`.*
FROM `tarea` `t`
WHERE `tarea`.`id` = `s`.`idTarea` AND `tarea`.`idCreador` = 11')
 3 SYSTEMPATH\Database\BaseConnection.php(605): CodeIgniter\Database\BaseConnection->simpleQuery('SELECT `t`.*
FROM `tarea` `t`
WHERE `tarea`.`id` = `s`.`idTarea` AND `tarea`.`idCreador` = 11')
 4 SYSTEMPATH\Database\BaseBuilder.php(1616): CodeIgniter\Database\BaseConnection->query('SELECT `t`.*
FROM `tarea` `t`
WHERE `tarea`.`id` = `s`.`idTarea` AND `tarea`.`idCreador` = 11', [], false)
 5 APPPATH\Controllers\Home.php(33): CodeIgniter\Database\BaseBuilder->get()
 6 SYSTEMPATH\CodeIgniter.php(934): App\Controllers\Home->index()
 7 SYSTEMPATH\CodeIgniter.php(499): CodeIgniter\CodeIgniter->runController(Object(App\Controllers\Home))
 8 SYSTEMPATH\CodeIgniter.php(368): CodeIgniter\CodeIgniter->handleRequest(null, Object(Config\Cache), false)
 9 FCPATH\index.php(67): CodeIgniter\CodeIgniter->run()
INFO - 2023-05-09 00:58:40 --> Session: Class initialized using 'CodeIgniter\Session\Handlers\FileHandler' driver.
ERROR - 2023-05-09 00:58:40 --> mysqli_sql_exception: Unknown column 'tarea.id' in 'where clause' in C:\xampp\htdocs\gestor_tarea\system\Database\MySQLi\Connection.php:295
Stack trace:
#0 C:\xampp\htdocs\gestor_tarea\system\Database\MySQLi\Connection.php(295): mysqli->query('SELECT `t`.*\nFR...', 0)
#1 C:\xampp\htdocs\gestor_tarea\system\Database\BaseConnection.php(691): CodeIgniter\Database\MySQLi\Connection->execute('SELECT `t`.*\nFR...')
#2 C:\xampp\htdocs\gestor_tarea\system\Database\BaseConnection.php(605): CodeIgniter\Database\BaseConnection->simpleQuery('SELECT `t`.*\nFR...')
#3 C:\xampp\htdocs\gestor_tarea\system\Database\BaseBuilder.php(1616): CodeIgniter\Database\BaseConnection->query('SELECT `t`.*\nFR...', Array, false)
#4 C:\xampp\htdocs\gestor_tarea\app\Controllers\Home.php(33): CodeIgniter\Database\BaseBuilder->get()
#5 C:\xampp\htdocs\gestor_tarea\system\CodeIgniter.php(934): App\Controllers\Home->index()
#6 C:\xampp\htdocs\gestor_tarea\system\CodeIgniter.php(499): CodeIgniter\CodeIgniter->runController(Object(App\Controllers\Home))
#7 C:\xampp\htdocs\gestor_tarea\system\CodeIgniter.php(368): CodeIgniter\CodeIgniter->handleRequest(NULL, Object(Config\Cache), false)
#8 C:\xampp\htdocs\gestor_tarea\public\index.php(67): CodeIgniter\CodeIgniter->run()
#9 {main}
CRITICAL - 2023-05-09 00:58:40 --> Unknown column 'tarea.id' in 'where clause'
in SYSTEMPATH\Database\MySQLi\Connection.php on line 295.
 1 SYSTEMPATH\Database\MySQLi\Connection.php(295): mysqli->query('SELECT `t`.*
FROM `tarea` `t`
WHERE `tarea`.`id` = `s`.`idTarea` AND `tarea`.`idCreador` = 11', 0)
 2 SYSTEMPATH\Database\BaseConnection.php(691): CodeIgniter\Database\MySQLi\Connection->execute('SELECT `t`.*
FROM `tarea` `t`
WHERE `tarea`.`id` = `s`.`idTarea` AND `tarea`.`idCreador` = 11')
 3 SYSTEMPATH\Database\BaseConnection.php(605): CodeIgniter\Database\BaseConnection->simpleQuery('SELECT `t`.*
FROM `tarea` `t`
WHERE `tarea`.`id` = `s`.`idTarea` AND `tarea`.`idCreador` = 11')
 4 SYSTEMPATH\Database\BaseBuilder.php(1616): CodeIgniter\Database\BaseConnection->query('SELECT `t`.*
FROM `tarea` `t`
WHERE `tarea`.`id` = `s`.`idTarea` AND `tarea`.`idCreador` = 11', [], false)
 5 APPPATH\Controllers\Home.php(33): CodeIgniter\Database\BaseBuilder->get()
 6 SYSTEMPATH\CodeIgniter.php(934): App\Controllers\Home->index()
 7 SYSTEMPATH\CodeIgniter.php(499): CodeIgniter\CodeIgniter->runController(Object(App\Controllers\Home))
 8 SYSTEMPATH\CodeIgniter.php(368): CodeIgniter\CodeIgniter->handleRequest(null, Object(Config\Cache), false)
 9 FCPATH\index.php(67): CodeIgniter\CodeIgniter->run()
INFO - 2023-05-09 00:58:41 --> Session: Class initialized using 'CodeIgniter\Session\Handlers\FileHandler' driver.
ERROR - 2023-05-09 00:58:41 --> mysqli_sql_exception: Unknown column 'tarea.id' in 'where clause' in C:\xampp\htdocs\gestor_tarea\system\Database\MySQLi\Connection.php:295
Stack trace:
#0 C:\xampp\htdocs\gestor_tarea\system\Database\MySQLi\Connection.php(295): mysqli->query('SELECT `t`.*\nFR...', 0)
#1 C:\xampp\htdocs\gestor_tarea\system\Database\BaseConnection.php(691): CodeIgniter\Database\MySQLi\Connection->execute('SELECT `t`.*\nFR...')
#2 C:\xampp\htdocs\gestor_tarea\system\Database\BaseConnection.php(605): CodeIgniter\Database\BaseConnection->simpleQuery('SELECT `t`.*\nFR...')
#3 C:\xampp\htdocs\gestor_tarea\system\Database\BaseBuilder.php(1616): CodeIgniter\Database\BaseConnection->query('SELECT `t`.*\nFR...', Array, false)
#4 C:\xampp\htdocs\gestor_tarea\app\Controllers\Home.php(33): CodeIgniter\Database\BaseBuilder->get()
#5 C:\xampp\htdocs\gestor_tarea\system\CodeIgniter.php(934): App\Controllers\Home->index()
#6 C:\xampp\htdocs\gestor_tarea\system\CodeIgniter.php(499): CodeIgniter\CodeIgniter->runController(Object(App\Controllers\Home))
#7 C:\xampp\htdocs\gestor_tarea\system\CodeIgniter.php(368): CodeIgniter\CodeIgniter->handleRequest(NULL, Object(Config\Cache), false)
#8 C:\xampp\htdocs\gestor_tarea\public\index.php(67): CodeIgniter\CodeIgniter->run()
#9 {main}
CRITICAL - 2023-05-09 00:58:41 --> Unknown column 'tarea.id' in 'where clause'
in SYSTEMPATH\Database\MySQLi\Connection.php on line 295.
 1 SYSTEMPATH\Database\MySQLi\Connection.php(295): mysqli->query('SELECT `t`.*
FROM `tarea` `t`
WHERE `tarea`.`id` = `s`.`idTarea` AND `tarea`.`idCreador` = 11', 0)
 2 SYSTEMPATH\Database\BaseConnection.php(691): CodeIgniter\Database\MySQLi\Connection->execute('SELECT `t`.*
FROM `tarea` `t`
WHERE `tarea`.`id` = `s`.`idTarea` AND `tarea`.`idCreador` = 11')
 3 SYSTEMPATH\Database\BaseConnection.php(605): CodeIgniter\Database\BaseConnection->simpleQuery('SELECT `t`.*
FROM `tarea` `t`
WHERE `tarea`.`id` = `s`.`idTarea` AND `tarea`.`idCreador` = 11')
 4 SYSTEMPATH\Database\BaseBuilder.php(1616): CodeIgniter\Database\BaseConnection->query('SELECT `t`.*
FROM `tarea` `t`
WHERE `tarea`.`id` = `s`.`idTarea` AND `tarea`.`idCreador` = 11', [], false)
 5 APPPATH\Controllers\Home.php(33): CodeIgniter\Database\BaseBuilder->get()
 6 SYSTEMPATH\CodeIgniter.php(934): App\Controllers\Home->index()
 7 SYSTEMPATH\CodeIgniter.php(499): CodeIgniter\CodeIgniter->runController(Object(App\Controllers\Home))
 8 SYSTEMPATH\CodeIgniter.php(368): CodeIgniter\CodeIgniter->handleRequest(null, Object(Config\Cache), false)
 9 FCPATH\index.php(67): CodeIgniter\CodeIgniter->run()
INFO - 2023-05-09 00:58:56 --> Session: Class initialized using 'CodeIgniter\Session\Handlers\FileHandler' driver.
ERROR - 2023-05-09 00:58:56 --> mysqli_sql_exception: Unknown column 's.idTarea' in 'where clause' in C:\xampp\htdocs\gestor_tarea\system\Database\MySQLi\Connection.php:295
Stack trace:
#0 C:\xampp\htdocs\gestor_tarea\system\Database\MySQLi\Connection.php(295): mysqli->query('SELECT `t`.*\nFR...', 0)
#1 C:\xampp\htdocs\gestor_tarea\system\Database\BaseConnection.php(691): CodeIgniter\Database\MySQLi\Connection->execute('SELECT `t`.*\nFR...')
#2 C:\xampp\htdocs\gestor_tarea\system\Database\BaseConnection.php(605): CodeIgniter\Database\BaseConnection->simpleQuery('SELECT `t`.*\nFR...')
#3 C:\xampp\htdocs\gestor_tarea\system\Database\BaseBuilder.php(1616): CodeIgniter\Database\BaseConnection->query('SELECT `t`.*\nFR...', Array, false)
#4 C:\xampp\htdocs\gestor_tarea\app\Controllers\Home.php(33): CodeIgniter\Database\BaseBuilder->get()
#5 C:\xampp\htdocs\gestor_tarea\system\CodeIgniter.php(934): App\Controllers\Home->index()
#6 C:\xampp\htdocs\gestor_tarea\system\CodeIgniter.php(499): CodeIgniter\CodeIgniter->runController(Object(App\Controllers\Home))
#7 C:\xampp\htdocs\gestor_tarea\system\CodeIgniter.php(368): CodeIgniter\CodeIgniter->handleRequest(NULL, Object(Config\Cache), false)
#8 C:\xampp\htdocs\gestor_tarea\public\index.php(67): CodeIgniter\CodeIgniter->run()
#9 {main}
CRITICAL - 2023-05-09 00:58:56 --> Unknown column 's.idTarea' in 'where clause'
in SYSTEMPATH\Database\MySQLi\Connection.php on line 295.
 1 SYSTEMPATH\Database\MySQLi\Connection.php(295): mysqli->query('SELECT `t`.*
FROM `tarea` `t`
WHERE `t`.`id` = `s`.`idTarea` AND `t`.`idCreador` = 11', 0)
 2 SYSTEMPATH\Database\BaseConnection.php(691): CodeIgniter\Database\MySQLi\Connection->execute('SELECT `t`.*
FROM `tarea` `t`
WHERE `t`.`id` = `s`.`idTarea` AND `t`.`idCreador` = 11')
 3 SYSTEMPATH\Database\BaseConnection.php(605): CodeIgniter\Database\BaseConnection->simpleQuery('SELECT `t`.*
FROM `tarea` `t`
WHERE `t`.`id` = `s`.`idTarea` AND `t`.`idCreador` = 11')
 4 SYSTEMPATH\Database\BaseBuilder.php(1616): CodeIgniter\Database\BaseConnection->query('SELECT `t`.*
FROM `tarea` `t`
WHERE `t`.`id` = `s`.`idTarea` AND `t`.`idCreador` = 11', [], false)
 5 APPPATH\Controllers\Home.php(33): CodeIgniter\Database\BaseBuilder->get()
 6 SYSTEMPATH\CodeIgniter.php(934): App\Controllers\Home->index()
 7 SYSTEMPATH\CodeIgniter.php(499): CodeIgniter\CodeIgniter->runController(Object(App\Controllers\Home))
 8 SYSTEMPATH\CodeIgniter.php(368): CodeIgniter\CodeIgniter->handleRequest(null, Object(Config\Cache), false)
 9 FCPATH\index.php(67): CodeIgniter\CodeIgniter->run()
INFO - 2023-05-09 01:05:29 --> Session: Class initialized using 'CodeIgniter\Session\Handlers\FileHandler' driver.
ERROR - 2023-05-09 01:05:29 --> mysqli_sql_exception: Unknown column 's.idTarea' in 'where clause' in C:\xampp\htdocs\gestor_tarea\system\Database\MySQLi\Connection.php:295
Stack trace:
#0 C:\xampp\htdocs\gestor_tarea\system\Database\MySQLi\Connection.php(295): mysqli->query('SELECT `t`.*\nFR...', 0)
#1 C:\xampp\htdocs\gestor_tarea\system\Database\BaseConnection.php(691): CodeIgniter\Database\MySQLi\Connection->execute('SELECT `t`.*\nFR...')
#2 C:\xampp\htdocs\gestor_tarea\system\Database\BaseConnection.php(605): CodeIgniter\Database\BaseConnection->simpleQuery('SELECT `t`.*\nFR...')
#3 C:\xampp\htdocs\gestor_tarea\system\Database\BaseBuilder.php(1616): CodeIgniter\Database\BaseConnection->query('SELECT `t`.*\nFR...', Array, false)
#4 C:\xampp\htdocs\gestor_tarea\app\Controllers\Home.php(33): CodeIgniter\Database\BaseBuilder->get()
#5 C:\xampp\htdocs\gestor_tarea\system\CodeIgniter.php(934): App\Controllers\Home->index()
#6 C:\xampp\htdocs\gestor_tarea\system\CodeIgniter.php(499): CodeIgniter\CodeIgniter->runController(Object(App\Controllers\Home))
#7 C:\xampp\htdocs\gestor_tarea\system\CodeIgniter.php(368): CodeIgniter\CodeIgniter->handleRequest(NULL, Object(Config\Cache), false)
#8 C:\xampp\htdocs\gestor_tarea\public\index.php(67): CodeIgniter\CodeIgniter->run()
#9 {main}
CRITICAL - 2023-05-09 01:05:29 --> Unknown column 's.idTarea' in 'where clause'
in SYSTEMPATH\Database\MySQLi\Connection.php on line 295.
 1 SYSTEMPATH\Database\MySQLi\Connection.php(295): mysqli->query('SELECT `t`.*
FROM `tarea` `t`
WHERE `t`.`id` = `s`.`idTarea` AND `u`.`id` = `s`.`idResponsable` AND `t`.`idCreador` = 11', 0)
 2 SYSTEMPATH\Database\BaseConnection.php(691): CodeIgniter\Database\MySQLi\Connection->execute('SELECT `t`.*
FROM `tarea` `t`
WHERE `t`.`id` = `s`.`idTarea` AND `u`.`id` = `s`.`idResponsable` AND `t`.`idCreador` = 11')
 3 SYSTEMPATH\Database\BaseConnection.php(605): CodeIgniter\Database\BaseConnection->simpleQuery('SELECT `t`.*
FROM `tarea` `t`
WHERE `t`.`id` = `s`.`idTarea` AND `u`.`id` = `s`.`idResponsable` AND `t`.`idCreador` = 11')
 4 SYSTEMPATH\Database\BaseBuilder.php(1616): CodeIgniter\Database\BaseConnection->query('SELECT `t`.*
FROM `tarea` `t`
WHERE `t`.`id` = `s`.`idTarea` AND `u`.`id` = `s`.`idResponsable` AND `t`.`idCreador` = 11', [], false)
 5 APPPATH\Controllers\Home.php(33): CodeIgniter\Database\BaseBuilder->get()
 6 SYSTEMPATH\CodeIgniter.php(934): App\Controllers\Home->index()
 7 SYSTEMPATH\CodeIgniter.php(499): CodeIgniter\CodeIgniter->runController(Object(App\Controllers\Home))
 8 SYSTEMPATH\CodeIgniter.php(368): CodeIgniter\CodeIgniter->handleRequest(null, Object(Config\Cache), false)
 9 FCPATH\index.php(67): CodeIgniter\CodeIgniter->run()
INFO - 2023-05-09 01:05:31 --> Session: Class initialized using 'CodeIgniter\Session\Handlers\FileHandler' driver.
ERROR - 2023-05-09 01:05:31 --> mysqli_sql_exception: Unknown column 's.idTarea' in 'where clause' in C:\xampp\htdocs\gestor_tarea\system\Database\MySQLi\Connection.php:295
Stack trace:
#0 C:\xampp\htdocs\gestor_tarea\system\Database\MySQLi\Connection.php(295): mysqli->query('SELECT `t`.*\nFR...', 0)
#1 C:\xampp\htdocs\gestor_tarea\system\Database\BaseConnection.php(691): CodeIgniter\Database\MySQLi\Connection->execute('SELECT `t`.*\nFR...')
#2 C:\xampp\htdocs\gestor_tarea\system\Database\BaseConnection.php(605): CodeIgniter\Database\BaseConnection->simpleQuery('SELECT `t`.*\nFR...')
#3 C:\xampp\htdocs\gestor_tarea\system\Database\BaseBuilder.php(1616): CodeIgniter\Database\BaseConnection->query('SELECT `t`.*\nFR...', Array, false)
#4 C:\xampp\htdocs\gestor_tarea\app\Controllers\Home.php(33): CodeIgniter\Database\BaseBuilder->get()
#5 C:\xampp\htdocs\gestor_tarea\system\CodeIgniter.php(934): App\Controllers\Home->index()
#6 C:\xampp\htdocs\gestor_tarea\system\CodeIgniter.php(499): CodeIgniter\CodeIgniter->runController(Object(App\Controllers\Home))
#7 C:\xampp\htdocs\gestor_tarea\system\CodeIgniter.php(368): CodeIgniter\CodeIgniter->handleRequest(NULL, Object(Config\Cache), false)
#8 C:\xampp\htdocs\gestor_tarea\public\index.php(67): CodeIgniter\CodeIgniter->run()
#9 {main}
CRITICAL - 2023-05-09 01:05:31 --> Unknown column 's.idTarea' in 'where clause'
in SYSTEMPATH\Database\MySQLi\Connection.php on line 295.
 1 SYSTEMPATH\Database\MySQLi\Connection.php(295): mysqli->query('SELECT `t`.*
FROM `tarea` `t`
WHERE `t`.`id` = `s`.`idTarea` AND `u`.`id` = `s`.`idResponsable` AND `t`.`idCreador` = 11', 0)
 2 SYSTEMPATH\Database\BaseConnection.php(691): CodeIgniter\Database\MySQLi\Connection->execute('SELECT `t`.*
FROM `tarea` `t`
WHERE `t`.`id` = `s`.`idTarea` AND `u`.`id` = `s`.`idResponsable` AND `t`.`idCreador` = 11')
 3 SYSTEMPATH\Database\BaseConnection.php(605): CodeIgniter\Database\BaseConnection->simpleQuery('SELECT `t`.*
FROM `tarea` `t`
WHERE `t`.`id` = `s`.`idTarea` AND `u`.`id` = `s`.`idResponsable` AND `t`.`idCreador` = 11')
 4 SYSTEMPATH\Database\BaseBuilder.php(1616): CodeIgniter\Database\BaseConnection->query('SELECT `t`.*
FROM `tarea` `t`
WHERE `t`.`id` = `s`.`idTarea` AND `u`.`id` = `s`.`idResponsable` AND `t`.`idCreador` = 11', [], false)
 5 APPPATH\Controllers\Home.php(33): CodeIgniter\Database\BaseBuilder->get()
 6 SYSTEMPATH\CodeIgniter.php(934): App\Controllers\Home->index()
 7 SYSTEMPATH\CodeIgniter.php(499): CodeIgniter\CodeIgniter->runController(Object(App\Controllers\Home))
 8 SYSTEMPATH\CodeIgniter.php(368): CodeIgniter\CodeIgniter->handleRequest(null, Object(Config\Cache), false)
 9 FCPATH\index.php(67): CodeIgniter\CodeIgniter->run()
INFO - 2023-05-09 01:05:58 --> Session: Class initialized using 'CodeIgniter\Session\Handlers\FileHandler' driver.
ERROR - 2023-05-09 01:05:59 --> mysqli_sql_exception: Unknown column 'u.nombre' in 'field list' in C:\xampp\htdocs\gestor_tarea\system\Database\MySQLi\Connection.php:295
Stack trace:
#0 C:\xampp\htdocs\gestor_tarea\system\Database\MySQLi\Connection.php(295): mysqli->query('SELECT `s`.*, `...', 0)
#1 C:\xampp\htdocs\gestor_tarea\system\Database\BaseConnection.php(691): CodeIgniter\Database\MySQLi\Connection->execute('SELECT `s`.*, `...')
#2 C:\xampp\htdocs\gestor_tarea\system\Database\BaseConnection.php(605): CodeIgniter\Database\BaseConnection->simpleQuery('SELECT `s`.*, `...')
#3 C:\xampp\htdocs\gestor_tarea\system\Database\BaseBuilder.php(1616): CodeIgniter\Database\BaseConnection->query('SELECT `s`.*, `...', Array, false)
#4 C:\xampp\htdocs\gestor_tarea\app\Controllers\Home.php(33): CodeIgniter\Database\BaseBuilder->get()
#5 C:\xampp\htdocs\gestor_tarea\system\CodeIgniter.php(934): App\Controllers\Home->index()
#6 C:\xampp\htdocs\gestor_tarea\system\CodeIgniter.php(499): CodeIgniter\CodeIgniter->runController(Object(App\Controllers\Home))
#7 C:\xampp\htdocs\gestor_tarea\system\CodeIgniter.php(368): CodeIgniter\CodeIgniter->handleRequest(NULL, Object(Config\Cache), false)
#8 C:\xampp\htdocs\gestor_tarea\public\index.php(67): CodeIgniter\CodeIgniter->run()
#9 {main}
CRITICAL - 2023-05-09 01:05:59 --> Unknown column 'u.nombre' in 'field list'
in SYSTEMPATH\Database\MySQLi\Connection.php on line 295.
 1 SYSTEMPATH\Database\MySQLi\Connection.php(295): mysqli->query('SELECT `s`.*, `u`.`nombre`, `u`.`apellido`
FROM `subtarea` `s`
JOIN `tarea` `t` ON `usuario``u`', 0)
 2 SYSTEMPATH\Database\BaseConnection.php(691): CodeIgniter\Database\MySQLi\Connection->execute('SELECT `s`.*, `u`.`nombre`, `u`.`apellido`
FROM `subtarea` `s`
JOIN `tarea` `t` ON `usuario``u`')
 3 SYSTEMPATH\Database\BaseConnection.php(605): CodeIgniter\Database\BaseConnection->simpleQuery('SELECT `s`.*, `u`.`nombre`, `u`.`apellido`
FROM `subtarea` `s`
JOIN `tarea` `t` ON `usuario``u`')
 4 SYSTEMPATH\Database\BaseBuilder.php(1616): CodeIgniter\Database\BaseConnection->query('SELECT `s`.*, `u`.`nombre`, `u`.`apellido`
FROM `subtarea` `s`
JOIN `tarea` `t` ON `usuario``u`', [], false)
 5 APPPATH\Controllers\Home.php(33): CodeIgniter\Database\BaseBuilder->get()
 6 SYSTEMPATH\CodeIgniter.php(934): App\Controllers\Home->index()
 7 SYSTEMPATH\CodeIgniter.php(499): CodeIgniter\CodeIgniter->runController(Object(App\Controllers\Home))
 8 SYSTEMPATH\CodeIgniter.php(368): CodeIgniter\CodeIgniter->handleRequest(null, Object(Config\Cache), false)
 9 FCPATH\index.php(67): CodeIgniter\CodeIgniter->run()
INFO - 2023-05-09 01:06:00 --> Session: Class initialized using 'CodeIgniter\Session\Handlers\FileHandler' driver.
ERROR - 2023-05-09 01:06:00 --> mysqli_sql_exception: Unknown column 'u.nombre' in 'field list' in C:\xampp\htdocs\gestor_tarea\system\Database\MySQLi\Connection.php:295
Stack trace:
#0 C:\xampp\htdocs\gestor_tarea\system\Database\MySQLi\Connection.php(295): mysqli->query('SELECT `s`.*, `...', 0)
#1 C:\xampp\htdocs\gestor_tarea\system\Database\BaseConnection.php(691): CodeIgniter\Database\MySQLi\Connection->execute('SELECT `s`.*, `...')
#2 C:\xampp\htdocs\gestor_tarea\system\Database\BaseConnection.php(605): CodeIgniter\Database\BaseConnection->simpleQuery('SELECT `s`.*, `...')
#3 C:\xampp\htdocs\gestor_tarea\system\Database\BaseBuilder.php(1616): CodeIgniter\Database\BaseConnection->query('SELECT `s`.*, `...', Array, false)
#4 C:\xampp\htdocs\gestor_tarea\app\Controllers\Home.php(33): CodeIgniter\Database\BaseBuilder->get()
#5 C:\xampp\htdocs\gestor_tarea\system\CodeIgniter.php(934): App\Controllers\Home->index()
#6 C:\xampp\htdocs\gestor_tarea\system\CodeIgniter.php(499): CodeIgniter\CodeIgniter->runController(Object(App\Controllers\Home))
#7 C:\xampp\htdocs\gestor_tarea\system\CodeIgniter.php(368): CodeIgniter\CodeIgniter->handleRequest(NULL, Object(Config\Cache), false)
#8 C:\xampp\htdocs\gestor_tarea\public\index.php(67): CodeIgniter\CodeIgniter->run()
#9 {main}
CRITICAL - 2023-05-09 01:06:00 --> Unknown column 'u.nombre' in 'field list'
in SYSTEMPATH\Database\MySQLi\Connection.php on line 295.
 1 SYSTEMPATH\Database\MySQLi\Connection.php(295): mysqli->query('SELECT `s`.*, `u`.`nombre`, `u`.`apellido`
FROM `subtarea` `s`
JOIN `tarea` `t` ON `usuario``u`', 0)
 2 SYSTEMPATH\Database\BaseConnection.php(691): CodeIgniter\Database\MySQLi\Connection->execute('SELECT `s`.*, `u`.`nombre`, `u`.`apellido`
FROM `subtarea` `s`
JOIN `tarea` `t` ON `usuario``u`')
 3 SYSTEMPATH\Database\BaseConnection.php(605): CodeIgniter\Database\BaseConnection->simpleQuery('SELECT `s`.*, `u`.`nombre`, `u`.`apellido`
FROM `subtarea` `s`
JOIN `tarea` `t` ON `usuario``u`')
 4 SYSTEMPATH\Database\BaseBuilder.php(1616): CodeIgniter\Database\BaseConnection->query('SELECT `s`.*, `u`.`nombre`, `u`.`apellido`
FROM `subtarea` `s`
JOIN `tarea` `t` ON `usuario``u`', [], false)
 5 APPPATH\Controllers\Home.php(33): CodeIgniter\Database\BaseBuilder->get()
 6 SYSTEMPATH\CodeIgniter.php(934): App\Controllers\Home->index()
 7 SYSTEMPATH\CodeIgniter.php(499): CodeIgniter\CodeIgniter->runController(Object(App\Controllers\Home))
 8 SYSTEMPATH\CodeIgniter.php(368): CodeIgniter\CodeIgniter->handleRequest(null, Object(Config\Cache), false)
 9 FCPATH\index.php(67): CodeIgniter\CodeIgniter->run()
INFO - 2023-05-09 01:06:51 --> Session: Class initialized using 'CodeIgniter\Session\Handlers\FileHandler' driver.
ERROR - 2023-05-09 01:06:51 --> mysqli_sql_exception: Unknown column 'tarea`t' in 'on clause' in C:\xampp\htdocs\gestor_tarea\system\Database\MySQLi\Connection.php:295
Stack trace:
#0 C:\xampp\htdocs\gestor_tarea\system\Database\MySQLi\Connection.php(295): mysqli->query('SELECT `s`.*, `...', 0)
#1 C:\xampp\htdocs\gestor_tarea\system\Database\BaseConnection.php(691): CodeIgniter\Database\MySQLi\Connection->execute('SELECT `s`.*, `...')
#2 C:\xampp\htdocs\gestor_tarea\system\Database\BaseConnection.php(605): CodeIgniter\Database\BaseConnection->simpleQuery('SELECT `s`.*, `...')
#3 C:\xampp\htdocs\gestor_tarea\system\Database\BaseBuilder.php(1616): CodeIgniter\Database\BaseConnection->query('SELECT `s`.*, `...', Array, false)
#4 C:\xampp\htdocs\gestor_tarea\app\Controllers\Home.php(33): CodeIgniter\Database\BaseBuilder->get()
#5 C:\xampp\htdocs\gestor_tarea\system\CodeIgniter.php(934): App\Controllers\Home->index()
#6 C:\xampp\htdocs\gestor_tarea\system\CodeIgniter.php(499): CodeIgniter\CodeIgniter->runController(Object(App\Controllers\Home))
#7 C:\xampp\htdocs\gestor_tarea\system\CodeIgniter.php(368): CodeIgniter\CodeIgniter->handleRequest(NULL, Object(Config\Cache), false)
#8 C:\xampp\htdocs\gestor_tarea\public\index.php(67): CodeIgniter\CodeIgniter->run()
#9 {main}
CRITICAL - 2023-05-09 01:06:51 --> Unknown column 'tarea`t' in 'on clause'
in SYSTEMPATH\Database\MySQLi\Connection.php on line 295.
 1 SYSTEMPATH\Database\MySQLi\Connection.php(295): mysqli->query('SELECT `s`.*, `u`.`nombre`, `u`.`apellido`
FROM `subtarea` `s`
JOIN `usuario` `u` ON `tarea``t`', 0)
 2 SYSTEMPATH\Database\BaseConnection.php(691): CodeIgniter\Database\MySQLi\Connection->execute('SELECT `s`.*, `u`.`nombre`, `u`.`apellido`
FROM `subtarea` `s`
JOIN `usuario` `u` ON `tarea``t`')
 3 SYSTEMPATH\Database\BaseConnection.php(605): CodeIgniter\Database\BaseConnection->simpleQuery('SELECT `s`.*, `u`.`nombre`, `u`.`apellido`
FROM `subtarea` `s`
JOIN `usuario` `u` ON `tarea``t`')
 4 SYSTEMPATH\Database\BaseBuilder.php(1616): CodeIgniter\Database\BaseConnection->query('SELECT `s`.*, `u`.`nombre`, `u`.`apellido`
FROM `subtarea` `s`
JOIN `usuario` `u` ON `tarea``t`', [], false)
 5 APPPATH\Controllers\Home.php(33): CodeIgniter\Database\BaseBuilder->get()
 6 SYSTEMPATH\CodeIgniter.php(934): App\Controllers\Home->index()
 7 SYSTEMPATH\CodeIgniter.php(499): CodeIgniter\CodeIgniter->runController(Object(App\Controllers\Home))
 8 SYSTEMPATH\CodeIgniter.php(368): CodeIgniter\CodeIgniter->handleRequest(null, Object(Config\Cache), false)
 9 FCPATH\index.php(67): CodeIgniter\CodeIgniter->run()
INFO - 2023-05-09 01:08:28 --> Session: Class initialized using 'CodeIgniter\Session\Handlers\FileHandler' driver.
INFO - 2023-05-09 01:09:12 --> Session: Class initialized using 'CodeIgniter\Session\Handlers\FileHandler' driver.
INFO - 2023-05-09 01:11:37 --> Session: Class initialized using 'CodeIgniter\Session\Handlers\FileHandler' driver.
INFO - 2023-05-09 01:12:18 --> Session: Class initialized using 'CodeIgniter\Session\Handlers\FileHandler' driver.
INFO - 2023-05-09 01:40:13 --> Session: Class initialized using 'CodeIgniter\Session\Handlers\FileHandler' driver.
INFO - 2023-05-09 01:40:50 --> Session: Class initialized using 'CodeIgniter\Session\Handlers\FileHandler' driver.
INFO - 2023-05-09 01:41:06 --> Session: Class initialized using 'CodeIgniter\Session\Handlers\FileHandler' driver.
INFO - 2023-05-09 01:41:40 --> Session: Class initialized using 'CodeIgniter\Session\Handlers\FileHandler' driver.
INFO - 2023-05-09 01:42:04 --> Session: Class initialized using 'CodeIgniter\Session\Handlers\FileHandler' driver.
INFO - 2023-05-09 01:42:50 --> Session: Class initialized using 'CodeIgniter\Session\Handlers\FileHandler' driver.
INFO - 2023-05-09 01:43:21 --> Session: Class initialized using 'CodeIgniter\Session\Handlers\FileHandler' driver.
INFO - 2023-05-09 01:44:24 --> Session: Class initialized using 'CodeIgniter\Session\Handlers\FileHandler' driver.
INFO - 2023-05-09 01:45:24 --> Session: Class initialized using 'CodeIgniter\Session\Handlers\FileHandler' driver.
INFO - 2023-05-09 01:45:53 --> Session: Class initialized using 'CodeIgniter\Session\Handlers\FileHandler' driver.
INFO - 2023-05-09 01:46:17 --> Session: Class initialized using 'CodeIgniter\Session\Handlers\FileHandler' driver.
INFO - 2023-05-09 01:46:33 --> Session: Class initialized using 'CodeIgniter\Session\Handlers\FileHandler' driver.
INFO - 2023-05-09 01:49:47 --> Session: Class initialized using 'CodeIgniter\Session\Handlers\FileHandler' driver.
INFO - 2023-05-09 01:50:44 --> Session: Class initialized using 'CodeIgniter\Session\Handlers\FileHandler' driver.
INFO - 2023-05-09 01:52:46 --> Session: Class initialized using 'CodeIgniter\Session\Handlers\FileHandler' driver.
INFO - 2023-05-09 01:53:16 --> Session: Class initialized using 'CodeIgniter\Session\Handlers\FileHandler' driver.
INFO - 2023-05-09 01:53:27 --> Session: Class initialized using 'CodeIgniter\Session\Handlers\FileHandler' driver.
INFO - 2023-05-09 01:53:58 --> Session: Class initialized using 'CodeIgniter\Session\Handlers\FileHandler' driver.
INFO - 2023-05-09 01:54:36 --> Session: Class initialized using 'CodeIgniter\Session\Handlers\FileHandler' driver.
INFO - 2023-05-09 01:55:46 --> Session: Class initialized using 'CodeIgniter\Session\Handlers\FileHandler' driver.
INFO - 2023-05-09 01:56:19 --> Session: Class initialized using 'CodeIgniter\Session\Handlers\FileHandler' driver.
INFO - 2023-05-09 01:56:32 --> Session: Class initialized using 'CodeIgniter\Session\Handlers\FileHandler' driver.
INFO - 2023-05-09 01:56:48 --> Session: Class initialized using 'CodeIgniter\Session\Handlers\FileHandler' driver.
